Log file open, 10/13/16 13:47:08
LogInit:Display: Running engine for game: Darcade
LogPlatformFile: Not using cached read wrapper
LogInit:Display: RandInit(1562146197) SRandInit(1562146197).
LogTaskGraph: Started task graph with 5 named threads and 6 total threads with 1 sets of task threads.
LogStats: Stats thread started at 0.057645
LogPluginManager: Loaded Plugin Paper2D, From D:/Programs/Epic Games/4.13/Engine/Plugins/2D/Paper2D/Paper2D.uplugin
LogPluginManager: Loaded Plugin LightPropagationVolume, From D:/Programs/Epic Games/4.13/Engine/Plugins/Blendables/LightPropagationVolume/LightPropagationVolume.uplugin
LogPluginManager: Loaded Plugin BlankPlugin, From D:/Programs/Epic Games/4.13/Engine/Plugins/Developer/BlankPlugin/BlankPlugin.uplugin
LogPluginManager: Loaded Plugin CodeLiteSourceCodeAccess, From D:/Programs/Epic Games/4.13/Engine/Plugins/Developer/CodeLiteSourceCodeAccess/CodeLiteSourceCodeAccess.uplugin
LogPluginManager: Loaded Plugin GitSourceControl, From D:/Programs/Epic Games/4.13/Engine/Plugins/Developer/GitSourceControl/GitSourceControl.uplugin
LogPluginManager: Loaded Plugin KDevelopSourceCodeAccess, From D:/Programs/Epic Games/4.13/Engine/Plugins/Developer/KDevelopSourceCodeAccess/KDevelopSourceCodeAccess.uplugin
LogPluginManager: Loaded Plugin NullSourceCodeAccess, From D:/Programs/Epic Games/4.13/Engine/Plugins/Developer/NullSourceCodeAccess/NullSourceCodeAccess.uplugin
LogPluginManager: Loaded Plugin OneSkyLocalizationService, From D:/Programs/Epic Games/4.13/Engine/Plugins/Developer/OneSkyLocalizationService/OneSkyLocalizationService.uplugin
LogPluginManager: Loaded Plugin PerforceSourceControl, From D:/Programs/Epic Games/4.13/Engine/Plugins/Developer/PerforceSourceControl/PerforceSourceControl.uplugin
LogPluginManager: Loaded Plugin SubversionSourceControl, From D:/Programs/Epic Games/4.13/Engine/Plugins/Developer/SubversionSourceControl/SubversionSourceControl.uplugin
LogPluginManager: Loaded Plugin UObjectPlugin, From D:/Programs/Epic Games/4.13/Engine/Plugins/Developer/UObjectPlugin/UObjectPlugin.uplugin
LogPluginManager: Loaded Plugin VisualStudioSourceCodeAccess, From D:/Programs/Epic Games/4.13/Engine/Plugins/Developer/VisualStudioSourceCodeAccess/VisualStudioSourceCodeAccess.uplugin
LogPluginManager: Loaded Plugin XCodeSourceCodeAccess, From D:/Programs/Epic Games/4.13/Engine/Plugins/Developer/XCodeSourceCodeAccess/XCodeSourceCodeAccess.uplugin
LogPluginManager: Loaded Plugin EpicSurvey, From D:/Programs/Epic Games/4.13/Engine/Plugins/Editor/EpicSurvey/EpicSurvey.uplugin
LogPluginManager: Loaded Plugin MacGraphicsSwitching, From D:/Programs/Epic Games/4.13/Engine/Plugins/Editor/MacGraphicsSwitching/MacGraphicsSwitching.uplugin
LogPluginManager: Loaded Plugin MobileLauncherProfileWizard, From D:/Programs/Epic Games/4.13/Engine/Plugins/Editor/MobileLauncherProfileWizard/MobileLauncherProfileWizard.uplugin
LogPluginManager: Loaded Plugin PluginBrowser, From D:/Programs/Epic Games/4.13/Engine/Plugins/Editor/PluginBrowser/PluginBrowser.uplugin
LogPluginManager: Loaded Plugin SpeedTreeImporter, From D:/Programs/Epic Games/4.13/Engine/Plugins/Editor/SpeedTreeImporter/SpeedTreeImporter.uplugin
LogPluginManager: Loaded Plugin SuperSearchEditor, From D:/Programs/Epic Games/4.13/Engine/Plugins/Editor/SuperSearchEditor/SuperSearchEditor.uplugin
LogPluginManager: Loaded Plugin AlembicImporter, From D:/Programs/Epic Games/4.13/Engine/Plugins/Experimental/AlembicImporter/AlembicImporter.uplugin
LogPluginManager: Loaded Plugin BlueprintStats, From D:/Programs/Epic Games/4.13/Engine/Plugins/Experimental/BlueprintStats/BlueprintStats.uplugin
LogPluginManager: Loaded Plugin CharacterAI, From D:/Programs/Epic Games/4.13/Engine/Plugins/Experimental/CharacterAI/CharacterAI.uplugin
LogPluginManager: Loaded Plugin CodeEditor, From D:/Programs/Epic Games/4.13/Engine/Plugins/Experimental/CodeEditor/CodeEditor.uplugin
LogPluginManager: Loaded Plugin CodeView, From D:/Programs/Epic Games/4.13/Engine/Plugins/Experimental/CodeView/CodeView.uplugin
LogPluginManager: Loaded Plugin HTML5Networking, From D:/Programs/Epic Games/4.13/Engine/Plugins/Experimental/HTML5Networking/HTML5Networking.uplugin
LogPluginManager: Loaded Plugin LiveEditor, From D:/Programs/Epic Games/4.13/Engine/Plugins/Experimental/LiveEditor/LiveEditor.uplugin
LogPluginManager: Loaded Plugin OSVR, From D:/Programs/Epic Games/4.13/Engine/Plugins/Experimental/OSVR/OSVR.uplugin
LogPluginManager: Loaded Plugin Phya, From D:/Programs/Epic Games/4.13/Engine/Plugins/Experimental/Phya/Phya.uplugin
LogPluginManager: Loaded Plugin SignificanceManager, From D:/Programs/Epic Games/4.13/Engine/Plugins/Experimental/SignificanceManager/SignificanceManager.uplugin
LogPluginManager: Loaded Plugin SimpleHMD, From D:/Programs/Epic Games/4.13/Engine/Plugins/Experimental/SimpleHMD/SimpleHMD.uplugin
LogPluginManager: Loaded Plugin StereoPanorama, From D:/Programs/Epic Games/4.13/Engine/Plugins/Experimental/StereoPanorama/StereoPanorama.uplugin
LogPluginManager: Loaded Plugin StructBox, From D:/Programs/Epic Games/4.13/Engine/Plugins/Experimental/StructBox/StructBox.uplugin
LogPluginManager: Loaded Plugin AndroidMedia, From D:/Programs/Epic Games/4.13/Engine/Plugins/Media/AndroidMedia/AndroidMedia.uplugin
LogPluginManager: Loaded Plugin AvfMedia, From D:/Programs/Epic Games/4.13/Engine/Plugins/Media/AvfMedia/AvfMedia.uplugin
LogPluginManager: Loaded Plugin MediaPlayerEditor, From D:/Programs/Epic Games/4.13/Engine/Plugins/Media/MediaPlayerEditor/MediaPlayerEditor.uplugin
LogPluginManager: Loaded Plugin WmfMedia, From D:/Programs/Epic Games/4.13/Engine/Plugins/Media/WmfMedia/WmfMedia.uplugin
LogPluginManager: Loaded Plugin MessagingDebugger, From D:/Programs/Epic Games/4.13/Engine/Plugins/Messaging/MessagingDebugger/MessagingDebugger.uplugin
LogPluginManager: Loaded Plugin TcpMessaging, From D:/Programs/Epic Games/4.13/Engine/Plugins/Messaging/TcpMessaging/TcpMessaging.uplugin
LogPluginManager: Loaded Plugin UdpMessaging, From D:/Programs/Epic Games/4.13/Engine/Plugins/Messaging/UdpMessaging/UdpMessaging.uplugin
LogPluginManager: Loaded Plugin LevelSequenceEditor, From D:/Programs/Epic Games/4.13/Engine/Plugins/MovieScene/LevelSequenceEditor/LevelSequenceEditor.uplugin
LogPluginManager: Loaded Plugin MatineeToLevelSequence, From D:/Programs/Epic Games/4.13/Engine/Plugins/MovieScene/MatineeToLevelSequence/MatineeToLevelSequence.uplugin
LogPluginManager: Loaded Plugin NetcodeUnitTest, From D:/Programs/Epic Games/4.13/Engine/Plugins/NetcodeUnitTest/NetcodeUnitTest/NetcodeUnitTest.uplugin
LogPluginManager: Loaded Plugin NUTUnrealEngine4, From D:/Programs/Epic Games/4.13/Engine/Plugins/NetcodeUnitTest/NUTUnrealEngine4/NUTUnrealEngine4.uplugin
LogPluginManager: Loaded Plugin OnlineSubsystemGooglePlay, From D:/Programs/Epic Games/4.13/Engine/Plugins/Online/Android/OnlineSubsystemGooglePlay/OnlineSubsystemGooglePlay.uplugin
LogPluginManager: Loaded Plugin OnlineSubsystemIOS, From D:/Programs/Epic Games/4.13/Engine/Plugins/Online/IOS/OnlineSubsystemIOS/OnlineSubsystemIOS.uplugin
LogPluginManager: Loaded Plugin OnlineFramework, From D:/Programs/Epic Games/4.13/Engine/Plugins/Online/OnlineFramework/OnlineFramework.uplugin
LogPluginManager: Loaded Plugin OnlineSubsystem, From D:/Programs/Epic Games/4.13/Engine/Plugins/Online/OnlineSubsystem/OnlineSubsystem.uplugin
LogPluginManager: Loaded Plugin OnlineSubsystemAmazon, From D:/Programs/Epic Games/4.13/Engine/Plugins/Online/OnlineSubsystemAmazon/OnlineSubsystemAmazon.uplugin
LogPluginManager: Loaded Plugin OnlineSubsystemFacebook, From D:/Programs/Epic Games/4.13/Engine/Plugins/Online/OnlineSubsystemFacebook/OnlineSubsystemFacebook.uplugin
LogPluginManager: Loaded Plugin OnlineSubsystemNull, From D:/Programs/Epic Games/4.13/Engine/Plugins/Online/OnlineSubsystemNull/OnlineSubsystemNull.uplugin
LogPluginManager: Loaded Plugin OnlineSubsystemOculus, From D:/Programs/Epic Games/4.13/Engine/Plugins/Online/OnlineSubsystemOculus/OnlineSubsystemOculus.uplugin
LogPluginManager: Loaded Plugin OnlineSubsystemSteam, From D:/Programs/Epic Games/4.13/Engine/Plugins/Online/OnlineSubsystemSteam/OnlineSubsystemSteam.uplugin
LogPluginManager: Loaded Plugin OnlineSubsystemUtils, From D:/Programs/Epic Games/4.13/Engine/Plugins/Online/OnlineSubsystemUtils/OnlineSubsystemUtils.uplugin
LogPluginManager: Loaded Plugin IOSTapJoy, From D:/Programs/Epic Games/4.13/Engine/Plugins/Runtime/Advertising/IOSTapJoy/IOSTapJoy.uplugin
LogPluginManager: Loaded Plugin AnalyticsBlueprintLibrary, From D:/Programs/Epic Games/4.13/Engine/Plugins/Runtime/Analytics/AnalyticsBlueprintLibrary/AnalyticsBlueprintLibrary.uplugin
LogPluginManager: Loaded Plugin AnalyticsMulticast, From D:/Programs/Epic Games/4.13/Engine/Plugins/Runtime/Analytics/AnalyticsMulticast/AnalyticsMulticast.uplugin
LogPluginManager: Loaded Plugin Apsalar, From D:/Programs/Epic Games/4.13/Engine/Plugins/Runtime/Analytics/Apsalar/Apsalar.uplugin
LogPluginManager: Loaded Plugin FileLogging, From D:/Programs/Epic Games/4.13/Engine/Plugins/Runtime/Analytics/FileLogging/FileLogging.uplugin
LogPluginManager: Loaded Plugin Flurry, From D:/Programs/Epic Games/4.13/Engine/Plugins/Runtime/Analytics/Flurry/Flurry.uplugin
LogPluginManager: Loaded Plugin AndroidDeviceProfileSelector, From D:/Programs/Epic Games/4.13/Engine/Plugins/Runtime/AndroidDeviceProfileSelector/AndroidDeviceProfileSelector.uplugin
LogPluginManager: Loaded Plugin AndroidMoviePlayer, From D:/Programs/Epic Games/4.13/Engine/Plugins/Runtime/AndroidMoviePlayer/AndroidMoviePlayer.uplugin
LogPluginManager: Loaded Plugin AppleMoviePlayer, From D:/Programs/Epic Games/4.13/Engine/Plugins/Runtime/AppleMoviePlayer/AppleMoviePlayer.uplugin
LogPluginManager: Loaded Plugin ArchVisCharacter, From D:/Programs/Epic Games/4.13/Engine/Plugins/Runtime/ArchVisCharacter/ArchVisCharacter.uplugin
LogPluginManager: Loaded Plugin CableComponent, From D:/Programs/Epic Games/4.13/Engine/Plugins/Runtime/CableComponent/CableComponent.uplugin
LogPluginManager: Loaded Plugin CustomMeshComponent, From D:/Programs/Epic Games/4.13/Engine/Plugins/Runtime/CustomMeshComponent/CustomMeshComponent.uplugin
LogPluginManager: Loaded Plugin ExampleDeviceProfileSelector, From D:/Programs/Epic Games/4.13/Engine/Plugins/Runtime/ExampleDeviceProfileSelector/ExampleDeviceProfileSelector.uplugin
LogPluginManager: Loaded Plugin GearVR, From D:/Programs/Epic Games/4.13/Engine/Plugins/Runtime/GearVR/GearVR.uplugin
LogPluginManager: Loaded Plugin GoogleVRController, From D:/Programs/Epic Games/4.13/Engine/Plugins/Runtime/GoogleVR/GoogleVRController/GoogleVRController.uplugin
LogPluginManager: Loaded Plugin GoogleVRHMD, From D:/Programs/Epic Games/4.13/Engine/Plugins/Runtime/GoogleVR/GoogleVRHMD/GoogleVRHMD.uplugin
LogPluginManager: Loaded Plugin IOSDeviceProfileSelector, From D:/Programs/Epic Games/4.13/Engine/Plugins/Runtime/IOSDeviceProfileSelector/IOSDeviceProfileSelector.uplugin
LogPluginManager: Loaded Plugin LeapMotion, From D:/Programs/Epic Games/4.13/Engine/Plugins/Runtime/LeapMotion/LeapMotion.uplugin
LogPluginManager: Loaded Plugin LinuxDeviceProfileSelector, From D:/Programs/Epic Games/4.13/Engine/Plugins/Runtime/LinuxDeviceProfileSelector/LinuxDeviceProfileSelector.uplugin
LogPluginManager: Loaded Plugin LiveEditorListenServer, From D:/Programs/Epic Games/4.13/Engine/Plugins/Runtime/LiveEditorListenServer/LiveEditorListenServer.uplugin
LogPluginManager: Loaded Plugin OculusAudio, From D:/Programs/Epic Games/4.13/Engine/Plugins/Runtime/OculusAudio/OculusAudio.uplugin
LogPluginManager: Loaded Plugin OculusInput, From D:/Programs/Epic Games/4.13/Engine/Plugins/Runtime/OculusInput/OculusInput.uplugin
LogPluginManager: Loaded Plugin OculusLibrary, From D:/Programs/Epic Games/4.13/Engine/Plugins/Runtime/OculusLibrary/OculusLibrary.uplugin
LogPluginManager: Loaded Plugin OculusRift, From D:/Programs/Epic Games/4.13/Engine/Plugins/Runtime/OculusRift/OculusRift.uplugin
LogPluginManager: Loaded Plugin Oodle, From D:/Programs/Epic Games/4.13/Engine/Plugins/Runtime/PacketHandlers/CompressionComponents/Oodle/Oodle.uplugin
LogPluginManager: Loaded Plugin ProceduralMeshComponent, From D:/Programs/Epic Games/4.13/Engine/Plugins/Runtime/ProceduralMeshComponent/ProceduralMeshComponent.uplugin
LogPluginManager: Loaded Plugin SoundMod, From D:/Programs/Epic Games/4.13/Engine/Plugins/Runtime/SoundMod/SoundMod.uplugin
LogPluginManager: Loaded Plugin SoundVisualizations, From D:/Programs/Epic Games/4.13/Engine/Plugins/Runtime/SoundVisualizations/SoundVisualizations.uplugin
LogPluginManager: Loaded Plugin SteamController, From D:/Programs/Epic Games/4.13/Engine/Plugins/Runtime/Steam/SteamController/SteamController.uplugin
LogPluginManager: Loaded Plugin SteamVR, From D:/Programs/Epic Games/4.13/Engine/Plugins/Runtime/Steam/SteamVR/SteamVR.uplugin
LogPluginManager: Loaded Plugin WebBrowserWidget, From D:/Programs/Epic Games/4.13/Engine/Plugins/Runtime/WebBrowserWidget/WebBrowserWidget.uplugin
LogPluginManager: Loaded Plugin WindowsDeviceProfileSelector, From D:/Programs/Epic Games/4.13/Engine/Plugins/Runtime/WindowsDeviceProfileSelector/WindowsDeviceProfileSelector.uplugin
LogPluginManager: Loaded Plugin WindowsMoviePlayer, From D:/Programs/Epic Games/4.13/Engine/Plugins/Runtime/WindowsMoviePlayer/WindowsMoviePlayer.uplugin
LogPluginManager: Loaded Plugin ScriptPlugin, From D:/Programs/Epic Games/4.13/Engine/Plugins/ScriptPlugin/ScriptPlugin.uplugin
LogPluginManager: Loaded Plugin SlateRemote, From D:/Programs/Epic Games/4.13/Engine/Plugins/Slate/SlateRemote/SlateRemote.uplugin
LogInit: Using libcurl 7.47.1
LogInit:  - built for x86_64-pc-win32
LogInit:  - supports SSL with WinSSL
LogInit:  - other features:
LogInit:      CURL_VERSION_SSL
LogInit:      CURL_VERSION_IPV6
LogInit:      CURL_VERSION_ASYNCHDNS
LogInit:      CURL_VERSION_LARGEFILE
LogInit:      CURL_VERSION_IDN
LogInit:  CurlRequestOptions (configurable via config and command line):
LogInit:  - bVerifyPeer = false  - Libcurl will NOT verify peer certificate
LogInit:  - bUseHttpProxy = false  - Libcurl will NOT use HTTP proxy
LogInit:  - bDontReuseConnections = false  - Libcurl will reuse connections
LogInit:  - CertBundlePath = nullptr  - Libcurl will use whatever was configured at build time.
LogInit: Build: ++UE4+Release-4.13-CL-3142249
LogInit: Engine Version: 4.13.1-3142249+++UE4+Release-4.13
LogInit: Compatible Engine Version: 4.13.0-3106830+++UE4+Release-4.13
LogInit: Net CL: 3142249
LogDevObjectVersion: Number of dev versions registered: 13
LogDevObjectVersion:   Dev-Blueprints (B0D832E4-1F89-4F0D-ACCF-7EB736FD4AA2): 5
LogDevObjectVersion:   Dev-Build (E1C64328-A22C-4D53-A36C-8E866417BD8C): 0
LogDevObjectVersion:   Dev-Core (375EC13C-06E4-48FB-B500-84F0262A717E): 1
LogDevObjectVersion:   Dev-Editor (E4B068ED-F494-42E9-A231-DA0B2E46BB41): 6
LogDevObjectVersion:   Dev-Framework (CFFC743F-43B0-4480-9391-14DF171D2073): 12
LogDevObjectVersion:   Dev-Mobile (B02B49B5-BB20-44E9-A304-32B752E40360): 0
LogDevObjectVersion:   Dev-Networking (A4E4105C-59A1-49B5-A7C5-40C4547EDFEE): 0
LogDevObjectVersion:   Dev-Online (39C831C9-5AE6-47DC-9A44-9C173E1C8E7C): 0
LogDevObjectVersion:   Dev-Physics (78F01B33-EBEA-4F98-B9B4-84EACCB95AA2): 0
LogDevObjectVersion:   Dev-Platform (6631380F-2D4D-43E0-8009-CF276956A95A): 0
LogDevObjectVersion:   Dev-Rendering (12F88B9F-8875-4AFC-A67C-D90C383ABD29): 4
LogDevObjectVersion:   Dev-Sequencer (7B5AE74C-D270-4C10-A958-57980B212A5A): 0
LogDevObjectVersion:   Dev-VR (D7296918-1DD6-4BDD-9DE2-64A83CC13884): 0
LogInit: Compiled (64-bit): Sep 28 2016 02:12:12
LogInit: Compiled with Visual C++: 19.00.23026.00
LogInit: Build Configuration: Development
LogInit: Branch Name: ++UE4+Release-4.13
LogInit: Command line: 
LogInit: Base directory: D:/Programs/Epic Games/4.13/Engine/Binaries/Win64/
LogInit: Installed Engine Build: 1
LogInit: Presizing for max 8388607 objects, including 0 objects not considered by GC, pre-allocating 0 bytes for permanent pool.
LogInit: Object subsystem initialized
[2016.10.13-04.47.08:589][  0]LogInit: Selected Device Profile: [Windows]
[2016.10.13-04.47.08:589][  0]LogInit: Applying CVar settings loaded from the selected device profile: [Windows]
[2016.10.13-04.47.08:599][  0]LogInit: Computer: DESKTOP-COVIF4O
[2016.10.13-04.47.08:599][  0]LogInit: User: Aleksi
[2016.10.13-04.47.08:599][  0]LogInit: CPU Page size=65536, Cores=2
[2016.10.13-04.47.08:599][  0]LogInit: High frequency timer resolution =2.531253 MHz
[2016.10.13-04.47.08:599][  0]LogMemory: Memory total: Physical=7.9GB (8GB approx)
[2016.10.13-04.47.08:599][  0]LogMemory: Platform Memory Stats for Windows
[2016.10.13-04.47.08:599][  0]LogMemory: Process Physical Memory: 256.29 MB used, 256.29 MB peak
[2016.10.13-04.47.08:599][  0]LogMemory: Process Virtual Memory: 259.77 MB used, 259.77 MB peak
[2016.10.13-04.47.08:599][  0]LogMemory: Physical Memory: 5367.29 MB used, 8080.86 MB total
[2016.10.13-04.47.08:599][  0]LogMemory: Virtual Memory: 621.35 MB used, 134217728.00 MB total
[2016.10.13-04.47.08:637][  0]LogTextLocalizationManager: No translations for ('fi-FI') exist, falling back to 'en' for localization and internationalization data.
[2016.10.13-04.47.09:581][  0]LogD3D11RHI: D3D11 adapters:
[2016.10.13-04.47.09:619][  0]LogD3D11RHI:    0. 'NVIDIA GeForce GTX 950M' (Feature Level 11_0)
[2016.10.13-04.47.09:619][  0]LogD3D11RHI:       2018/0/4040 MB DedicatedVideo/DedicatedSystem/SharedSystem, Outputs:1, VendorId:0x10de
[2016.10.13-04.47.09:628][  0]LogD3D11RHI:    1. 'Intel(R) HD Graphics 520' (Feature Level 11_0)
[2016.10.13-04.47.09:628][  0]LogD3D11RHI:       128/0/4040 MB DedicatedVideo/DedicatedSystem/SharedSystem, Outputs:0, VendorId:0x8086
[2016.10.13-04.47.09:631][  0]LogD3D11RHI:    2. 'Microsoft Basic Render Driver' (Feature Level 11_0)
[2016.10.13-04.47.09:631][  0]LogD3D11RHI:       0/0/4040 MB DedicatedVideo/DedicatedSystem/SharedSystem, Outputs:0, VendorId:0x1414
[2016.10.13-04.47.09:631][  0]LogD3D11RHI: Chosen D3D11 Adapter: 0
[2016.10.13-04.47.09:636][  0]LogD3D11RHI: Creating new Direct3DDevice
[2016.10.13-04.47.09:636][  0]LogD3D11RHI:     GPU DeviceId: 0x139a (for the marketing name, search the web for "GPU Device Id")
[2016.10.13-04.47.09:636][  0]LogWindows: EnumDisplayDevices:
[2016.10.13-04.47.09:637][  0]LogWindows:    0. 'Intel(R) HD Graphics 520' (P:1 D:1)
[2016.10.13-04.47.09:637][  0]LogWindows:    1. 'Intel(R) HD Graphics 520' (P:0 D:0)
[2016.10.13-04.47.09:637][  0]LogWindows:    2. 'Intel(R) HD Graphics 520' (P:0 D:0)
[2016.10.13-04.47.09:638][  0]LogWindows: DebugString: PrimaryIsNotTheChoosenAdapter PrimaryIsNotTheChoosenAdapter PrimaryIsNotTheChoosenAdapter FoundDriverCount:0 
[2016.10.13-04.47.09:638][  0]LogD3D11RHI:     Adapter Name: NVIDIA GeForce GTX 950M
[2016.10.13-04.47.09:638][  0]LogD3D11RHI:   Driver Version: Unknown (internal:Unknown, unified:Unknown)
[2016.10.13-04.47.09:638][  0]LogD3D11RHI:      Driver Date: Unknown
[2016.10.13-04.47.09:638][  0]LogRHI: Texture pool is 1361 MB (70% of 1945 MB)
[2016.10.13-04.47.09:654][  0]LogD3D11RHI: Async texture creation enabled
[2016.10.13-04.47.09:674][  0]LogD3D11RHI: GPU Timing Frequency: 1000.000000 (Debug: 2 2)
[2016.10.13-04.47.09:675][  0]LogShaderCompilers: Guid format shader working directory is -17 characters bigger than the processId version (../../../../../../GitRepositories/TridentUE4Project2016/Darcade/Intermediate/Shaders/WorkingDirectory/20772/).
[2016.10.13-04.47.09:676][  0]LogShaderCompilers: Cleaned the shader compiler working directory 'C:/Users/Aleksi/AppData/Local/Temp/UnrealShaderWorkingDir/E096E8634629D4A76C259082EEB4246E/'.
[2016.10.13-04.47.09:676][  0]LogShaderCompilers:Display: Using Local Shader Compiler.
[2016.10.13-04.47.11:195][  0]LogTemp:Display: Loaded TP AllDesktopTargetPlatform
[2016.10.13-04.47.11:203][  0]LogTemp:Display: Loaded TP WindowsClientTargetPlatform
[2016.10.13-04.47.11:214][  0]LogTemp:Display: Loaded TP WindowsNoEditorTargetPlatform
[2016.10.13-04.47.11:222][  0]LogTemp:Display: Loaded TP WindowsServerTargetPlatform
[2016.10.13-04.47.11:232][  0]LogTemp:Display: Loaded TP WindowsTargetPlatform
[2016.10.13-04.47.11:239][  0]LogTemp:Display: Loaded TP AndroidTargetPlatform
[2016.10.13-04.47.11:248][  0]LogTemp:Display: Loaded TP Android_ASTCTargetPlatform
[2016.10.13-04.47.11:255][  0]LogTemp:Display: Loaded TP Android_ATCTargetPlatform
[2016.10.13-04.47.11:264][  0]LogTemp:Display: Loaded TP Android_DXTTargetPlatform
[2016.10.13-04.47.11:271][  0]LogTemp:Display: Loaded TP Android_ETC1TargetPlatform
[2016.10.13-04.47.11:281][  0]LogTemp:Display: Loaded TP Android_ETC2TargetPlatform
[2016.10.13-04.47.11:296][  0]LogTemp:Display: Loaded TP Android_MultiTargetPlatform
[2016.10.13-04.47.11:296][  0]LogTemp:Display: Loaded TP Android_PVRTCTargetPlatform
[2016.10.13-04.47.11:297][  0]LogTemp:Display: Loaded TP HTML5TargetPlatform
[2016.10.13-04.47.11:319][  0]LogTemp:Display: Loaded TP IOSTargetPlatform
[2016.10.13-04.47.11:326][  0]LogTemp:Display: Loaded TP TVOSTargetPlatform
[2016.10.13-04.47.11:334][  0]LogTemp:Display: Loaded TP LinuxClientTargetPlatform
[2016.10.13-04.47.11:341][  0]LogTemp:Display: Loaded TP LinuxNoEditorTargetPlatform
[2016.10.13-04.47.11:349][  0]LogTemp:Display: Loaded TP LinuxServerTargetPlatform
[2016.10.13-04.47.11:356][  0]LogTemp:Display: Loaded TP LinuxTargetPlatform
[2016.10.13-04.47.11:356][  0]LogTargetPlatformManager:Display: Building Assets For Windows
[2016.10.13-04.47.11:437][  0]LogDerivedDataCache:Display: Max Cache Size: 512 MB
[2016.10.13-04.47.11:516][  0]LogDerivedDataCache: Loaded boot cache 0.08s 64MB C:/Users/Aleksi/AppData/Local/UnrealEngine/4.13/DerivedDataCache/Boot.ddc.
[2016.10.13-04.47.11:517][  0]LogDerivedDataCache:Display: Loaded Boot cache: C:/Users/Aleksi/AppData/Local/UnrealEngine/4.13/DerivedDataCache/Boot.ddc
[2016.10.13-04.47.11:517][  0]LogDerivedDataCache: FDerivedDataBackendGraph:  Pak pak cache file ../../../../../../GitRepositories/TridentUE4Project2016/Darcade/DerivedDataCache/DDC.ddp not found, will not use a pak cache.
[2016.10.13-04.47.11:517][  0]LogDerivedDataCache: Unable to find inner node Pak for hierarchical cache Hierarchy.
[2016.10.13-04.47.11:517][  0]LogDerivedDataCache: FDerivedDataBackendGraph:  CompressedPak pak cache file ../../../../../../GitRepositories/TridentUE4Project2016/Darcade/DerivedDataCache/Compressed.ddp not found, will not use a pak cache.
[2016.10.13-04.47.11:517][  0]LogDerivedDataCache: Unable to find inner node CompressedPak for hierarchical cache Hierarchy.
[2016.10.13-04.47.11:536][  0]LogDerivedDataCache:Display: Pak cache opened for reading ../../../Engine/DerivedDataCache/Compressed.ddp.
[2016.10.13-04.47.11:549][  0]LogDerivedDataCache: Using Local data cache path C:/Users/Aleksi/AppData/Local/UnrealEngine/Common/DerivedDataCache: Writable
[2016.10.13-04.47.11:773][  0]LogInit: Selected Device Profile: [Windows]
[2016.10.13-04.47.11:777][  0]LogContentStreaming: Texture pool size is 0.00 MB
[2016.10.13-04.47.11:882][  0]LogMeshUtilities: No automatic mesh reduction module available
[2016.10.13-04.47.11:882][  0]LogMeshUtilities: No automatic mesh merging module available
[2016.10.13-04.47.11:882][  0]LogMeshUtilities: No distributed automatic mesh merging module available
[2016.10.13-04.47.11:965][  0]LogMaterial: Uniform references updated for custom material expression Custom.
[2016.10.13-04.47.12:337][  0]LogNetVersion: GetLocalNetworkVersion: CL: 3106830, ProjectName: darcade, ProjectVersion: , EngineNetworkVersion: 1, GameNetworkVersion: 0, NetworkChecksum: 948522714
[2016.10.13-04.47.12:379][  0]LogAssetRegistry: FAssetRegistry took 0.0214 seconds to start up
[2016.10.13-04.47.12:394][  0]LogPackageLocalizationCache: Processed 3 localized package path(s) for 1 prioritized culture(s) in 0.012057 seconds
[2016.10.13-04.47.12:400][  0]LogUObjectArray: 29778 objects as part of root set at end of initial load.
[2016.10.13-04.47.12:400][  0]LogUObjectAllocator: 6125448 out of 0 bytes used by permanent object pool.
[2016.10.13-04.47.12:400][  0]LogUObjectArray: CloseDisregardForGC: 0/0 objects in disregard for GC pool
[2016.10.13-04.47.12:407][  0]LogInit: WinSock: version 1.1 (2.2), MaxSocks=32767, MaxUdp=65467
[2016.10.13-04.47.12:682][  0]LogSlate: SlateFontCache - WITH_FREETYPE: 1, WITH_HARFBUZZ: 1
[2016.10.13-04.47.12:682][  0]LogSlate: SlateFontCache - WITH_FREETYPE: 1, WITH_HARFBUZZ: 1
[2016.10.13-04.47.13:894][  0]LogTcpMessaging: Initializing TcpMessaging bridge
[2016.10.13-04.47.13:915][  0]LogUdpMessaging: Initializing bridge on interface 0.0.0.0:0 to multicast group 230.0.0.1:6666.
[2016.10.13-04.47.14:375][  0]SourceControl: Info Source control is disabled
[2016.10.13-04.47.14:459][  0]SourceControl: Info Source control is disabled
[2016.10.13-04.47.14:468][  0]SourceControl: Info Source control is disabled
[2016.10.13-04.47.14:477][  0]SourceControl: Info Source control is disabled
[2016.10.13-04.47.14:821][  0]LogEngine: Initializing Engine...
[2016.10.13-04.47.14:823][  0]LogHMD: Failed to initialize OpenVR with code 110
[2016.10.13-04.47.15:060][  0]LogAIModule: Creating AISystem for world Untitled
[2016.10.13-04.47.15:068][  0]LogInit: XAudio2 using 'Kaiuttimet (Conexant SmartAudio HD)' : 2 channels at 48 kHz using 32 bits per sample (channel mask 0x3)
[2016.10.13-04.47.15:084][  0]LogInit: FAudioDevice initialized.
[2016.10.13-04.47.15:124][  0]LogDerivedDataCache: Saved boot cache 0.04s 64MB C:/Users/Aleksi/AppData/Local/UnrealEngine/4.13/DerivedDataCache/Boot.ddc.
[2016.10.13-04.47.15:133][  0]LogInit: Texture streaming: Enabled
[2016.10.13-04.47.15:162][  0]LogInit: Transaction tracking system initialized
[2016.10.13-04.47.15:182][  0]BlueprintLog: New page: Editor Load
[2016.10.13-04.47.15:309][  0]LocalizationService: Info Localization service is disabled
[2016.10.13-04.47.15:750][  0]LogConsoleResponse:Display: 
[2016.10.13-04.47.15:886][  0]LogCook:Display: Max memory allowance for cook 16384mb min free memory 0mb
[2016.10.13-04.47.15:886][  0]LogCook:Display: Mobile HDR setting 1
[2016.10.13-04.47.15:957][  0]LogFileCache: Scanning file cache for directory 'D:/GitRepositories/TridentUE4Project2016/Darcade/Content/' took 0.01s
[2016.10.13-04.47.16:053][  0]SourceControl: Info Source control is disabled
[2016.10.13-04.47.16:053][  0]Cmd: MAP LOAD FILE="../../../../../../GitRepositories/TridentUE4Project2016/Darcade/Content/ThirdPersonCPP/Maps/ThirdPersonExampleMap.umap" TEMPLATE=0 SHOWPROGRESS=1 FEATURELEVEL=3
[2016.10.13-04.47.16:054][  0]LightingResults: New page: Lighting Build
[2016.10.13-04.47.16:056][  0]MapCheck: New page: Map Check
[2016.10.13-04.47.16:056][  0]LightingResults: New page: Lighting Build
[2016.10.13-04.47.16:289][  0]LogTexture:Display: Building textures: HQ_Lightmap0_1 (AutoDXT)
[2016.10.13-04.47.16:954][  0]LogTexture:Display: Building textures: HQ_Lightmap0_2 (AutoDXT)
[2016.10.13-04.47.17:133][  0]LogTexture:Display: Building textures: HQ_Lightmap0_3 (AutoDXT)
[2016.10.13-04.47.17:153][  0]LogTexture:Display: Building textures: LQ_Lightmap_0_1 (DXT1)
[2016.10.13-04.47.17:351][  0]LogTexture:Display: Building textures: LQ_Lightmap_0_2 (DXT1)
[2016.10.13-04.47.17:414][  0]LogTexture:Display: Building textures: LQ_Lightmap_0_3 (DXT1)
[2016.10.13-04.47.17:429][  0]LogTexture:Display: Building textures: SkyOcclusion0_1 (AutoDXT)
[2016.10.13-04.47.17:726][  0]LogTexture:Display: Building textures: SkyOcclusion0_2 (AutoDXT)
[2016.10.13-04.47.17:789][  0]LogTexture:Display: Building textures: SkyOcclusion0_3 (AutoDXT)
[2016.10.13-04.47.17:796][  0]LogAIModule: Creating AISystem for world ThirdPersonExampleMap
[2016.10.13-04.47.17:815][  0]LogEditorServer: Finished looking for orphan Actors (0.000 secs)
[2016.10.13-04.47.17:816][  0]Cmd: MAP CHECKDEP NOCLEARLOG
[2016.10.13-04.47.17:919][  0]MapCheck: Info Map check complete: 0 Error(s), 0 Warning(s), took 102.423ms to complete.
[2016.10.13-04.47.17:919][  0]LogFileHelpers: Loading map 'ThirdPersonExampleMap' took 1.865
[2016.10.13-04.47.18:126][  0]LogCollectionManager: Loaded 0 collections in 0.001691 seconds
[2016.10.13-04.47.18:173][  0]LogFileCache: Scanning file cache for directory 'D:/GitRepositories/TridentUE4Project2016/Darcade/Saved/Collections/' took 0.01s
[2016.10.13-04.47.18:173][  0]LogFileCache: Scanning file cache for directory 'D:/GitRepositories/TridentUE4Project2016/Darcade/Content/Developers/Aleksi/Collections/' took 0.01s
[2016.10.13-04.47.18:173][  0]LogFileCache: Scanning file cache for directory 'D:/GitRepositories/TridentUE4Project2016/Darcade/Content/Collections/' took 0.01s
[2016.10.13-04.47.18:173][  0]LogCollectionManager: Rebuilt the GUID cache for 0 collections in 0.000003 seconds
[2016.10.13-04.47.18:189][  0]LogContentBrowser: Native class hierarchy populated in 0.0162 seconds. Added 2143 classes and 417 folders.
[2016.10.13-04.47.18:193][  0]LogStats: UGameplayTagsManager::ConstructGameplayTagTree: Construct from data asset -  0.000 s
[2016.10.13-04.47.18:193][  0]LogStats: UGameplayTagsManager::ConstructGameplayTagTree: GameplayTagTreeChangedEvent.Broadcast -  0.000 s
[2016.10.13-04.47.18:196][  0]LogContentBrowser: Native class hierarchy updated for 'GameplayTags' in 0.0025 seconds. Added 12 classes and 0 folders.
[2016.10.13-04.47.18:204][  0]LogContentBrowser: Native class hierarchy updated for 'WidgetCarousel' in 0.0037 seconds. Added 0 classes and 0 folders.
[2016.10.13-04.47.18:281][  0]LogContentBrowser: Native class hierarchy updated for 'AddContentDialog' in 0.0047 seconds. Added 0 classes and 0 folders.
[2016.10.13-04.47.18:289][  0]LogContentBrowser: Native class hierarchy updated for 'SceneOutliner' in 0.0018 seconds. Added 1 classes and 2 folders.
[2016.10.13-04.47.18:431][  0]LogCrashTracker: Crashtracker disabled due to settings.
[2016.10.13-04.47.18:438][  0]LogUObjectGlobals:Warning: Failed to find object 'Class None.'
[2016.10.13-04.47.18:467][  0]LogContentBrowser: Native class hierarchy updated for 'HierarchicalLODOutliner' in 0.0017 seconds. Added 1 classes and 2 folders.
[2016.10.13-04.47.18:467][  0]LogLoad: (Engine Initialization) Total time: 11.03 seconds
[2016.10.13-04.47.18:467][  0]LogLoad: (Engine Initialization) Total Blueprint compile time: 0.08 seconds
[2016.10.13-04.47.18:467][  0]LogExternalProfiler: Found external profiler: VSPerf
[2016.10.13-04.47.18:467][  0]LogExternalProfiler: Using external profiler: VSPerf
[2016.10.13-04.47.18:486][  0]LogWindowsTextInputMethodSystem:Display: IME system now deactivated.
[2016.10.13-04.47.18:486][  0]LogOcInput: OculusInput pre-init called
[2016.10.13-04.47.18:506][  0]LogContentStreaming: Texture pool size now 400 MB
[2016.10.13-04.47.18:679][  0]LogRenderer: Reallocating scene render targets to support 964x436 (Frame:2).
[2016.10.13-04.47.18:865][  2]LogAssetRegistry: Asset discovery search completed in 6.5078 seconds
[2016.10.13-04.47.18:865][  2]LogCollectionManager: Rebuilt the object cache for 0 collections in 0.000001 seconds (found 0 objects)
[2016.10.13-04.47.18:865][  2]LogCollectionManager: Fixed up redirectors for 0 collections in 0.000029 seconds (updated 0 objects)
[2016.10.13-05.18.33:602][977]LogEditorViewport: Clicking on Actor (context menu): StaticMeshActor (Wall7)
[2016.10.13-05.18.35:616][ 52]LogEditorViewport: Clicking on Actor (LMB): BP_Sky_Sphere_C (SkySphereBlueprint)
[2016.10.13-05.18.37:658][171]LogEditorViewport: Clicking on Actor (LMB): ThirdPersonCharacter_C (ThirdPersonCharacter)
[2016.10.13-05.18.41:904][398]LogBlueprintUserMessages: Early PlayInEditor Detection: Level '/Game/ThirdPersonCPP/Maps/ThirdPersonExampleMap.ThirdPersonExampleMap:PersistentLevel' has LevelScriptBlueprint '/Game/ThirdPersonCPP/Maps/ThirdPersonExampleMap.ThirdPersonExampleMap:PersistentLevel.ThirdPersonExampleMap' with GeneratedClass '/Game/ThirdPersonCPP/Maps/ThirdPersonExampleMap.ThirdPersonExampleMap_C' with ClassGeneratedBy '/Game/ThirdPersonCPP/Maps/ThirdPersonExampleMap.ThirdPersonExampleMap:PersistentLevel.ThirdPersonExampleMap'
[2016.10.13-05.18.41:904][398]LogPlayLevel: PlayLevel: No blueprints needed recompiling
[2016.10.13-05.18.41:906][398]PIE: New page: PIE session: ThirdPersonExampleMap (Oct 13, 2016, 11:18:41 PM)
[2016.10.13-05.18.41:906][398]LogPlayLevel: Creating play world package: /Game/ThirdPersonCPP/Maps/UEDPIE_0_ThirdPersonExampleMap
[2016.10.13-05.18.41:941][398]LogPlayLevel: PIE: StaticDuplicateObject took: (0.035183s)
[2016.10.13-05.18.41:942][398]LogAIModule: Creating AISystem for world ThirdPersonExampleMap
[2016.10.13-05.18.41:943][398]LogPlayLevel: PIE: World Init took: (0.001645s)
[2016.10.13-05.18.41:943][398]LogPlayLevel: PIE: Created PIE world by copying editor world from /Game/ThirdPersonCPP/Maps/ThirdPersonExampleMap.ThirdPersonExampleMap to /Game/ThirdPersonCPP/Maps/UEDPIE_0_ThirdPersonExampleMap.ThirdPersonExampleMap (0.037303s)
[2016.10.13-05.18.42:047][398]LogInit: XAudio2 using 'Kaiuttimet (Conexant SmartAudio HD)' : 2 channels at 48 kHz using 32 bits per sample (channel mask 0x3)
[2016.10.13-05.18.42:061][398]LogInit: FAudioDevice initialized.
[2016.10.13-05.18.42:115][398]LogWorld: Game class is 'DarcadeGameMode'
[2016.10.13-05.18.42:120][398]LogWorld: Bringing World /Game/ThirdPersonCPP/Maps/UEDPIE_0_ThirdPersonExampleMap.ThirdPersonExampleMap up for play (max tick rate 60) at 2016.10.13-14.18.42
[2016.10.13-05.18.42:121][398]LogWorld: Bringing up level for play took: 0.004462
[2016.10.13-05.18.42:125][398]LogContentBrowser: Native class hierarchy updated for 'MovieSceneCapture' in 0.0015 seconds. Added 11 classes and 0 folders.
[2016.10.13-05.18.42:126][398]LogGameMode:Display: Match State Changed from EnteringMap to WaitingToStart
[2016.10.13-05.18.42:126][398]LogGameState: Match State Changed from EnteringMap to WaitingToStart
[2016.10.13-05.18.42:126][398]LogGameMode:Display: Match State Changed from WaitingToStart to InProgress
[2016.10.13-05.18.42:126][398]LogGameState: Match State Changed from WaitingToStart to InProgress
[2016.10.13-05.18.42:126][398]PIE: Info Play in editor start time for /Game/ThirdPersonCPP/Maps/UEDPIE_0_ThirdPersonExampleMap 0.167
[2016.10.13-05.18.42:126][398]LogBlueprintUserMessages: Late PlayInEditor Detection: Level '/Game/ThirdPersonCPP/Maps/ThirdPersonExampleMap.ThirdPersonExampleMap:PersistentLevel' has LevelScriptBlueprint '/Game/ThirdPersonCPP/Maps/ThirdPersonExampleMap.ThirdPersonExampleMap:PersistentLevel.ThirdPersonExampleMap' with GeneratedClass '/Game/ThirdPersonCPP/Maps/ThirdPersonExampleMap.ThirdPersonExampleMap_C' with ClassGeneratedBy '/Game/ThirdPersonCPP/Maps/ThirdPersonExampleMap.ThirdPersonExampleMap:PersistentLevel.ThirdPersonExampleMap'
[2016.10.13-05.19.17:978][529]LogBlueprintUserMessages: Early EndPlayMap Detection: Level '/Game/ThirdPersonCPP/Maps/ThirdPersonExampleMap.ThirdPersonExampleMap:PersistentLevel' has LevelScriptBlueprint '/Game/ThirdPersonCPP/Maps/ThirdPersonExampleMap.ThirdPersonExampleMap:PersistentLevel.ThirdPersonExampleMap' with GeneratedClass '/Game/ThirdPersonCPP/Maps/ThirdPersonExampleMap.ThirdPersonExampleMap_C' with ClassGeneratedBy '/Game/ThirdPersonCPP/Maps/ThirdPersonExampleMap.ThirdPersonExampleMap:PersistentLevel.ThirdPersonExampleMap'
[2016.10.13-05.19.18:073][529]LogBlueprintUserMessages: Late EndPlayMap Detection: Level '/Game/ThirdPersonCPP/Maps/ThirdPersonExampleMap.ThirdPersonExampleMap:PersistentLevel' has LevelScriptBlueprint '/Game/ThirdPersonCPP/Maps/ThirdPersonExampleMap.ThirdPersonExampleMap:PersistentLevel.ThirdPersonExampleMap' with GeneratedClass '/Game/ThirdPersonCPP/Maps/ThirdPersonExampleMap.ThirdPersonExampleMap_C' with ClassGeneratedBy '/Game/ThirdPersonCPP/Maps/ThirdPersonExampleMap.ThirdPersonExampleMap:PersistentLevel.ThirdPersonExampleMap'
[2016.10.13-05.19.27:731][948]LogSavePackage: Save=473.84ms
[2016.10.13-05.19.27:731][948]LogSavePackage: Moving '../../../../../../GitRepositories/TridentUE4Project2016/Darcade/Saved/UEDPCThirdPersonExampleMap236E67A24F1A0567141F3ABB705E5DF1.tmp' to '../../../../../../GitRepositories/TridentUE4Project2016/Darcade/Saved/Autosaves/Game/ThirdPersonCPP/Maps/UEDPCThirdPersonExampleMap.umap'
[2016.10.13-05.19.27:732][948]LogSavePackage:Display: Finished SavePackage ../../../../../../GitRepositories/TridentUE4Project2016/Darcade/Saved/Autosaves/Game/ThirdPersonCPP/Maps/UEDPCThirdPersonExampleMap.umap
[2016.10.13-05.19.27:735][948]LogEditorTransaction: Undo Spawn Play From Here Start
[2016.10.13-05.21.39:737][795]LogSavePackage: Save=471.85ms
[2016.10.13-05.21.39:737][795]LogSavePackage: Moving '../../../../../../GitRepositories/TridentUE4Project2016/Darcade/Saved/UEDPCThirdPersonExampleMap1DC8604E4963B6D52ADBA3AD3DAD1DAA.tmp' to '../../../../../../GitRepositories/TridentUE4Project2016/Darcade/Saved/Autosaves/Game/ThirdPersonCPP/Maps/UEDPCThirdPersonExampleMap.umap'
[2016.10.13-05.21.39:740][795]LogSavePackage:Display: Finished SavePackage ../../../../../../GitRepositories/TridentUE4Project2016/Darcade/Saved/Autosaves/Game/ThirdPersonCPP/Maps/UEDPCThirdPersonExampleMap.umap
[2016.10.13-05.21.39:745][795]LogEditorTransaction: Undo Spawn Play From Here Start
[2016.10.13-05.22.28:942][847]LogContentBrowser: Native class hierarchy updated for 'BlueprintGraph' in 0.0021 seconds. Added 112 classes and 0 folders.
[2016.10.13-05.22.58:954][503]LogAIModule: Creating AISystem for world Minimal_Default
[2016.10.13-05.24.13:488][923]LogEditorViewport: Clicking on Actor (LMB): StaticMeshActor (Floor)
[2016.10.13-05.25.55:450][853]LogEditorViewport: Clicking on Actor (LMB): ThirdPersonCharacter_C (ThirdPersonCharacter)
[2016.10.13-05.32.02:634][518]LogRenderer: Reallocating scene render targets to support 964x684 (Frame:4815).
[2016.10.13-05.34.24:074][874]LogFileHelpers: Editor autosave (incl. sublevels) for '/Game/ThirdPersonCPP/Maps/ThirdPersonExampleMap' took 0.158
[2016.10.13-05.34.24:086][874]OBJ SavePackage: Generating thumbnails for [0] asset(s) in package [/Game/Blueprints/GameMode] ([1] browsable assets)...
[2016.10.13-05.34.24:086][874]OBJ SavePackage: Finished generating thumbnails for package [/Game/Blueprints/GameMode]
[2016.10.13-05.34.24:122][874]LogSavePackage: Save=20.82ms
[2016.10.13-05.34.24:122][874]LogSavePackage: Moving '../../../../../../GitRepositories/TridentUE4Project2016/Darcade/Saved/GameMode_Auto1DFD9338F467F9E56F6C609BD4345DEC4.tmp' to '../../../../../../GitRepositories/TridentUE4Project2016/Darcade/Saved/Autosaves/Game/Blueprints/GameMode_Auto1.uasset'
[2016.10.13-05.34.24:124][874]LogSavePackage:Display: Finished SavePackage ../../../../../../GitRepositories/TridentUE4Project2016/Darcade/Saved/Autosaves/Game/Blueprints/GameMode_Auto1